device=mps  train windows=(4144, 20, 1, 64)  val windows=(1480, 20, 1, 64)
model params: 0.34M
step     0  train 2.5638  val_fm 2.4317  endpoint_nrmse 0.1476
step   200  train 0.3486  val_fm 1.6366  endpoint_nrmse 0.1257
step   400  train 0.5046  val_fm 1.0100  endpoint_nrmse 0.1050
step   600  train 0.2367  val_fm 0.6813  endpoint_nrmse 0.0907
step   800  train 0.5216  val_fm 0.5213  endpoint_nrmse 0.0765
step  1000  train 0.2343  val_fm 0.4351  endpoint_nrmse 0.0625
step  1200  train 0.2628  val_fm 0.3829  endpoint_nrmse 0.0522
step  1400  train 0.2493  val_fm 0.3469  endpoint_nrmse 0.0459
step  1600  train 0.2016  val_fm 0.3189  endpoint_nrmse 0.0421
step  1800  train 0.1695  val_fm 0.2962  endpoint_nrmse 0.0392
step  2000  train 0.1706  val_fm 0.2785  endpoint_nrmse 0.0369
step  2200  train 0.1974  val_fm 0.2645  endpoint_nrmse 0.0351
step  2400  train 0.1775  val_fm 0.2540  endpoint_nrmse 0.0336
step  2600  train 0.3718  val_fm 0.2459  endpoint_nrmse 0.0324
step  2800  train 0.2163  val_fm 0.2398  endpoint_nrmse 0.0314
step  3000  train 0.2463  val_fm 0.2355  endpoint_nrmse 0.0307
step  3200  train 0.1985  val_fm 0.2319  endpoint_nrmse 0.0302
step  3400  train 0.1601  val_fm 0.2292  endpoint_nrmse 0.0297
step  3600  train 0.3127  val_fm 0.2269  endpoint_nrmse 0.0294
step  3800  train 0.2830  val_fm 0.2251  endpoint_nrmse 0.0291
step  3999  train 0.1608  val_fm 0.2238  endpoint_nrmse 0.0289
done in 1266.7s  best endpoint nRMSE=0.0289
